[debug] [2021-03-28T19:35:58.762Z] ----------------------------------------------------------------------
[debug] [2021-03-28T19:35:58.763Z] Command:       C:\Program Files\nodejs\node.exe C:\Users\robin\AppData\Roaming\npm\node_modules\firebase-tools\lib\bin\firebase.js deploy --debug --only functions:detectEvilUsers
[debug] [2021-03-28T19:35:58.764Z] CLI Version:   9.8.0
[debug] [2021-03-28T19:35:58.764Z] Platform:      win32
[debug] [2021-03-28T19:35:58.764Z] Node Version:  v14.16.0
[debug] [2021-03-28T19:35:58.765Z] Time:          Sun Mar 28 2021 21:35:58 GMT+0200 (Central European Summer Time)
[debug] [2021-03-28T19:35:58.765Z] ----------------------------------------------------------------------
[debug] 
[debug] [2021-03-28T19:35:58.771Z] > command requires scopes: ["email","openid","https://www.googleapis.com/auth/cloudplatformprojects.readonly","https://www.googleapis.com/auth/firebase","https://www.googleapis.com/auth/cloud-platform"]
[debug] [2021-03-28T19:35:58.773Z] > authorizing via signed-in user
[debug] [2021-03-28T19:35:58.773Z] [iam] checking project mychat-a2a0f for permissions ["cloudfunctions.functions.create","cloudfunctions.functions.delete","cloudfunctions.functions.get","cloudfunctions.functions.list","cloudfunctions.functions.update","cloudfunctions.operations.get","firebase.projects.get"]
[debug] [2021-03-28T19:35:58.776Z] >>> HTTP REQUEST POST https://cloudresourcemanager.googleapis.com/v1/projects/mychat-a2a0f:testIamPermissions  
 {"permissions":["cloudfunctions.functions.create","cloudfunctions.functions.delete","cloudfunctions.functions.get","cloudfunctions.functions.list","cloudfunctions.functions.update","cloudfunctions.operations.get","firebase.projects.get"]}
[debug] [2021-03-28T19:35:59.576Z] <<< HTTP RESPONSE 200 {"content-type":"application/json; charset=UTF-8","vary":"X-Origin, Referer, Origin,Accept-Encoding","date":"Sun, 28 Mar 2021 19:35:58 GMT","server":"ESF","cache-control":"private","x-xss-protection":"0","x-frame-options":"SAMEORIGIN","x-content-type-options":"nosniff","server-timing":"gfet4t7; dur=726","alt-svc":"h3-29=\":443\"; ma=2592000,h3-T051=\":443\"; ma=2592000,h3-Q050=\":443\"; ma=2592000,h3-Q046=\":443\"; ma=2592000,h3-Q043=\":443\"; ma=2592000,quic=\":443\"; ma=2592000; v=\"46,43\"","accept-ranges":"none","transfer-encoding":"chunked"}
[debug] [2021-03-28T19:35:59.578Z] >>> HTTP REQUEST POST https://iam.googleapis.com/v1/projects/mychat-a2a0f/serviceAccounts/mychat-a2a0f@appspot.gserviceaccount.com:testIamPermissions  
 {"permissions":["iam.serviceAccounts.actAs"]}
[debug] [2021-03-28T19:36:00.341Z] <<< HTTP RESPONSE 200 {"content-type":"application/json; charset=UTF-8","vary":"X-Origin, Referer, Origin,Accept-Encoding","date":"Sun, 28 Mar 2021 19:35:59 GMT","server":"ESF","cache-control":"private","x-xss-protection":"0","x-frame-options":"SAMEORIGIN","x-content-type-options":"nosniff","alt-svc":"h3-29=\":443\"; ma=2592000,h3-T051=\":443\"; ma=2592000,h3-Q050=\":443\"; ma=2592000,h3-Q046=\":443\"; ma=2592000,h3-Q043=\":443\"; ma=2592000,quic=\":443\"; ma=2592000; v=\"46,43\"","accept-ranges":"none","transfer-encoding":"chunked"}
[info] 
[info] === Deploying to 'mychat-a2a0f'...
[info] 
[info] i  deploying functions 
[info] Running command: npm --prefix "$RESOURCE_DIR" run lint
[info] +  functions: Finished running predeploy script. 
[info] i  functions: ensuring required API cloudfunctions.googleapis.com is enabled... 
[info] i  functions: ensuring required API cloudbuild.googleapis.com is enabled... 
[debug] [2021-03-28T19:36:04.669Z] >>> HTTP REQUEST GET https://serviceusage.googleapis.com/v1/projects/mychat-a2a0f/services/cloudfunctions.googleapis.com  
 
[debug] [2021-03-28T19:36:04.670Z] >>> HTTP REQUEST GET https://serviceusage.googleapis.com/v1/projects/mychat-a2a0f/services/runtimeconfig.googleapis.com  
 
[debug] [2021-03-28T19:36:04.671Z] >>> HTTP REQUEST GET https://serviceusage.googleapis.com/v1/projects/mychat-a2a0f/services/cloudbuild.googleapis.com  
 
[debug] [2021-03-28T19:36:05.627Z] <<< HTTP RESPONSE 200 {"content-type":"application/json; charset=UTF-8","vary":"X-Origin, Referer, Origin,Accept-Encoding","date":"Sun, 28 Mar 2021 19:36:05 GMT","server":"ESF","cache-control":"private","x-xss-protection":"0","x-frame-options":"SAMEORIGIN","x-content-type-options":"nosniff","alt-svc":"h3-29=\":443\"; ma=2592000,h3-T051=\":443\"; ma=2592000,h3-Q050=\":443\"; ma=2592000,h3-Q046=\":443\"; ma=2592000,h3-Q043=\":443\"; ma=2592000,quic=\":443\"; ma=2592000; v=\"46,43\"","accept-ranges":"none","transfer-encoding":"chunked"}
[debug] [2021-03-28T19:36:05.635Z] <<< HTTP RESPONSE 200 {"content-type":"application/json; charset=UTF-8","vary":"X-Origin, Referer, Origin,Accept-Encoding","date":"Sun, 28 Mar 2021 19:36:05 GMT","server":"ESF","cache-control":"private","x-xss-protection":"0","x-frame-options":"SAMEORIGIN","x-content-type-options":"nosniff","alt-svc":"h3-29=\":443\"; ma=2592000,h3-T051=\":443\"; ma=2592000,h3-Q050=\":443\"; ma=2592000,h3-Q046=\":443\"; ma=2592000,h3-Q043=\":443\"; ma=2592000,quic=\":443\"; ma=2592000; v=\"46,43\"","accept-ranges":"none","transfer-encoding":"chunked"}
[info] +  functions: required API cloudbuild.googleapis.com is enabled 
[debug] [2021-03-28T19:36:05.643Z] <<< HTTP RESPONSE 200 {"content-type":"application/json; charset=UTF-8","vary":"X-Origin, Referer, Origin,Accept-Encoding","date":"Sun, 28 Mar 2021 19:36:05 GMT","server":"ESF","cache-control":"private","x-xss-protection":"0","x-frame-options":"SAMEORIGIN","x-content-type-options":"nosniff","alt-svc":"h3-29=\":443\"; ma=2592000,h3-T051=\":443\"; ma=2592000,h3-Q050=\":443\"; ma=2592000,h3-Q046=\":443\"; ma=2592000,h3-Q043=\":443\"; ma=2592000,quic=\":443\"; ma=2592000; v=\"46,43\"","accept-ranges":"none","transfer-encoding":"chunked"}
[info] +  functions: required API cloudfunctions.googleapis.com is enabled 
[debug] [2021-03-28T19:36:05.644Z] >>> HTTP REQUEST GET https://firebase.googleapis.com/v1beta1/projects/mychat-a2a0f/adminSdkConfig  
 
[debug] [2021-03-28T19:36:06.007Z] <<< HTTP RESPONSE 200 {"content-type":"application/json; charset=UTF-8","vary":"X-Origin, Referer, Origin,Accept-Encoding","date":"Sun, 28 Mar 2021 19:36:05 GMT","server":"ESF","cache-control":"private","x-xss-protection":"0","x-frame-options":"SAMEORIGIN","x-content-type-options":"nosniff","alt-svc":"h3-29=\":443\"; ma=2592000,h3-T051=\":443\"; ma=2592000,h3-Q050=\":443\"; ma=2592000,h3-Q046=\":443\"; ma=2592000,h3-Q043=\":443\"; ma=2592000,quic=\":443\"; ma=2592000; v=\"46,43\"","accept-ranges":"none","transfer-encoding":"chunked"}
[info] i  functions: preparing functions directory for uploading... 
[debug] [2021-03-28T19:36:06.010Z] >>> HTTP REQUEST GET https://runtimeconfig.googleapis.com/v1beta1/projects/mychat-a2a0f/configs  
 
[debug] [2021-03-28T19:36:06.846Z] <<< HTTP RESPONSE 200 {"content-type":"application/json; charset=UTF-8","vary":"X-Origin, Referer, Origin,Accept-Encoding","date":"Sun, 28 Mar 2021 19:36:06 GMT","server":"ESF","cache-control":"private","x-xss-protection":"0","x-frame-options":"SAMEORIGIN","x-content-type-options":"nosniff","alt-svc":"h3-29=\":443\"; ma=2592000,h3-T051=\":443\"; ma=2592000,h3-Q050=\":443\"; ma=2592000,h3-Q046=\":443\"; ma=2592000,h3-Q043=\":443\"; ma=2592000,quic=\":443\"; ma=2592000; v=\"46,43\"","accept-ranges":"none","transfer-encoding":"chunked"}
[info] i  functions: packaged functions (21.38 KB) for uploading 
[debug] [2021-03-28T19:36:07.239Z] > [functions] package.json contents: {
  "name": "functions",
  "description": "Cloud Functions for Firebase",
  "scripts": {
    "serve": "firebase emulators:start --only functions",
    "lint": "",
    "shell": "firebase functions:shell",
    "start": "npm run shell",
    "deploy": "firebase deploy --only functions",
    "logs": "firebase functions:log"
  },
  "engines": {
    "node": "12"
  },
  "main": "index.js",
  "dependencies": {
    "firebase-admin": "^9.2.0",
    "firebase-functions": "^3.11.0",
    "bad-words": "^3.0.3"
  },
  "devDependencies": {
    "firebase-functions-test": "^0.2.0"
  },
  "private": true
}
[debug] [2021-03-28T19:36:07.244Z] >>> HTTP REQUEST GET https://cloudfunctions.googleapis.com/v1/projects/mychat-a2a0f/locations/-/functions  
 
[debug] [2021-03-28T19:36:07.880Z] <<< HTTP RESPONSE 200 {"content-type":"application/json; charset=UTF-8","vary":"X-Origin, Referer, Origin,Accept-Encoding","date":"Sun, 28 Mar 2021 19:36:07 GMT","server":"ESF","cache-control":"private","x-xss-protection":"0","x-frame-options":"SAMEORIGIN","x-content-type-options":"nosniff","alt-svc":"h3-29=\":443\"; ma=2592000,h3-T051=\":443\"; ma=2592000,h3-Q050=\":443\"; ma=2592000,h3-Q046=\":443\"; ma=2592000,h3-Q043=\":443\"; ma=2592000,quic=\":443\"; ma=2592000; v=\"46,43\"","accept-ranges":"none","transfer-encoding":"chunked"}
[debug] [2021-03-28T19:36:07.881Z] >>> HTTP REQUEST POST https://cloudfunctions.googleapis.com/v1/projects/mychat-a2a0f/locations/us-central1/functions:generateUploadUrl  
 
[debug] [2021-03-28T19:36:08.356Z] <<< HTTP RESPONSE 200 {"content-type":"application/json; charset=UTF-8","vary":"X-Origin, Referer, Origin,Accept-Encoding","date":"Sun, 28 Mar 2021 19:36:07 GMT","server":"ESF","cache-control":"private","x-xss-protection":"0","x-frame-options":"SAMEORIGIN","x-content-type-options":"nosniff","alt-svc":"h3-29=\":443\"; ma=2592000,h3-T051=\":443\"; ma=2592000,h3-Q050=\":443\"; ma=2592000,h3-Q046=\":443\"; ma=2592000,h3-Q043=\":443\"; ma=2592000,quic=\":443\"; ma=2592000; v=\"46,43\"","accept-ranges":"none","transfer-encoding":"chunked"}
[debug] [2021-03-28T19:36:08.360Z] >>> HTTP REQUEST PUT https://storage.googleapis.com/gcf-upload-us-central1-24cf20c0-8ee6-4e79-a303-c2345df24ae6/376fbffc-31c2-4b29-81c8-7c483b4c0bdb.zip?GoogleAccessId=service-31655311165@gcf-admin-robot.iam.gserviceaccount.com&Expires=1616961967&Signature=q5c9%2BHLlDMspco2TgsBoDTbaYEBwx0HiCXgNNHviHtyRlt62aenvMAN3XkSeEithU1lDVo0XH8Ob0tJf6bVeYjdL9ZjnNiAeZRu5yOf74pmN8Uze8ZR9rO1VtODEGrMoUSLAYLqQEjFPNOKArqmQpu7RI8AMXrHLcj9cdazsV2JvBltyg6sFApsHxEn%2FvbZqq8gILQlmJrpOUk5qgNAYobTrFCiCeUVH2tT%2Bsom4J%2FfpTe3%2Blv7BK%2FsSrY82f4Tpp7lPvKu5lWn1Dx86p6XnEoGkJsr8P821hJvXRSGFX1wzmzVKrsm%2F9RBjpTM4tvG1m9NXOdXwByE6QSvSBF0zTw%3D%3D  
 <request body omitted>
[debug] [2021-03-28T19:36:08.664Z] <<< HTTP RESPONSE 200 {"x-guploader-uploadid":"ABg5-UwE76oxk3Ls2Nutc6TsWpLyJQO88xnCkkyRZ5BjW_QP-vbIiWgCVs4ASChuL6UdpOZkZU16QgfppyYOzwoP7mfdsKbFlw","etag":"\"048db3ac94f2e90bfa303363b32f9b15\"","x-goog-generation":"1616960168041711","x-goog-metageneration":"1","x-goog-hash":"crc32c=MyzvGg==, md5=BI2zrJTy6Qv6MDNjsy+bFQ==","x-goog-stored-content-length":"21894","x-goog-stored-content-encoding":"identity","vary":"Origin","content-length":"0","date":"Sun, 28 Mar 2021 19:36:08 GMT","server":"UploadServer","content-type":"text/html; charset=UTF-8","alt-svc":"h3-29=\":443\"; ma=2592000,h3-T051=\":443\"; ma=2592000,h3-Q050=\":443\"; ma=2592000,h3-Q046=\":443\"; ma=2592000,h3-Q043=\":443\"; ma=2592000,quic=\":443\"; ma=2592000; v=\"46,43\""}
[info] +  functions: functions folder uploaded successfully 
[info] i  functions: updating Node.js 12 function detectEvilUsers(us-central1)... 
[debug] [2021-03-28T19:36:08.670Z] >>> HTTP REQUEST PATCH https://cloudfunctions.googleapis.com/v1/projects/mychat-a2a0f/locations/us-central1/functions/detectEvilUsers {"updateMask":"sourceUploadUrl,name,labels,runtime,environmentVariables,eventTrigger.resource,eventTrigger.eventType,eventTrigger.service,eventTrigger.failurePolicy"} 
 {"sourceUploadUrl":"https://storage.googleapis.com/gcf-upload-us-central1-24cf20c0-8ee6-4e79-a303-c2345df24ae6/376fbffc-31c2-4b29-81c8-7c483b4c0bdb.zip?GoogleAccessId=service-31655311165@gcf-admin-robot.iam.gserviceaccount.com&Expires=1616961967&Signature=q5c9%2BHLlDMspco2TgsBoDTbaYEBwx0HiCXgNNHviHtyRlt62aenvMAN3XkSeEithU1lDVo0XH8Ob0tJf6bVeYjdL9ZjnNiAeZRu5yOf74pmN8Uze8ZR9rO1VtODEGrMoUSLAYLqQEjFPNOKArqmQpu7RI8AMXrHLcj9cdazsV2JvBltyg6sFApsHxEn%2FvbZqq8gILQlmJrpOUk5qgNAYobTrFCiCeUVH2tT%2Bsom4J%2FfpTe3%2Blv7BK%2FsSrY82f4Tpp7lPvKu5lWn1Dx86p6XnEoGkJsr8P821hJvXRSGFX1wzmzVKrsm%2F9RBjpTM4tvG1m9NXOdXwByE6QSvSBF0zTw%3D%3D","name":"projects/mychat-a2a0f/locations/us-central1/functions/detectEvilUsers","labels":{"deployment-tool":"cli-firebase"},"eventTrigger":{"resource":"projects/mychat-a2a0f/databases/(default)/documents/messages/{msgId}","eventType":"providers/cloud.firestore/eventTypes/document.create","service":"firestore.googleapis.com"},"runtime":"nodejs12","environmentVariables":{"FIREBASE_CONFIG":"{\"projectId\":\"mychat-a2a0f\",\"storageBucket\":\"mychat-a2a0f.appspot.com\",\"locationId\":\"europe-west\"}"}}
[debug] [2021-03-28T19:36:09.258Z] <<< HTTP RESPONSE 200 {"content-type":"application/json; charset=UTF-8","vary":"X-Origin, Referer, Origin,Accept-Encoding","date":"Sun, 28 Mar 2021 19:36:08 GMT","server":"ESF","cache-control":"private","x-xss-protection":"0","x-frame-options":"SAMEORIGIN","x-content-type-options":"nosniff","alt-svc":"h3-29=\":443\"; ma=2592000,h3-T051=\":443\"; ma=2592000,h3-Q050=\":443\"; ma=2592000,h3-Q046=\":443\"; ma=2592000,h3-Q043=\":443\"; ma=2592000,quic=\":443\"; ma=2592000; v=\"46,43\"","accept-ranges":"none","transfer-encoding":"chunked"}
[debug] [2021-03-28T19:36:09.266Z] > refreshing access token with scopes: []
[debug] [2021-03-28T19:36:09.268Z] >>> HTTP REQUEST POST https://www.googleapis.com/oauth2/v3/token  
 <request body omitted>
[debug] [2021-03-28T19:36:09.353Z] <<< HTTP RESPONSE 200 {"date":"Sun, 28 Mar 2021 19:36:08 GMT","expires":"Mon, 01 Jan 1990 00:00:00 GMT","pragma":"no-cache","cache-control":"no-cache, no-store, max-age=0, must-revalidate","content-type":"application/json; charset=utf-8","vary":"X-Origin, Referer, Origin,Accept-Encoding","server":"scaffolding on HTTPServer2","x-xss-protection":"0","x-frame-options":"SAMEORIGIN","x-content-type-options":"nosniff","alt-svc":"h3-29=\":443\"; ma=2592000,h3-T051=\":443\"; ma=2592000,h3-Q050=\":443\"; ma=2592000,h3-Q046=\":443\"; ma=2592000,h3-Q043=\":443\"; ma=2592000,quic=\":443\"; ma=2592000; v=\"46,43\"","accept-ranges":"none","transfer-encoding":"chunked"}
[debug] [2021-03-28T19:36:09.362Z] >>> [apiv2][query] GET https://cloudfunctions.googleapis.com/v1/operations/bXljaGF0LWEyYTBmL3VzLWNlbnRyYWwxL2RldGVjdEV2aWxVc2Vycy96OGg4eVo1djJWSQ [none]
[debug] [2021-03-28T19:36:09.598Z] <<< [apiv2][status] GET https://cloudfunctions.googleapis.com/v1/operations/bXljaGF0LWEyYTBmL3VzLWNlbnRyYWwxL2RldGVjdEV2aWxVc2Vycy96OGg4eVo1djJWSQ 200
[debug] [2021-03-28T19:36:09.599Z] <<< [apiv2][body] GET https://cloudfunctions.googleapis.com/v1/operations/bXljaGF0LWEyYTBmL3VzLWNlbnRyYWwxL2RldGVjdEV2aWxVc2Vycy96OGg4eVo1djJWSQ {"name":"operations/bXljaGF0LWEyYTBmL3VzLWNlbnRyYWwxL2RldGVjdEV2aWxVc2Vycy96OGg4eVo1djJWSQ","metadata":{"@type":"type.googleapis.com/google.cloud.functions.v1.OperationMetadataV1","target":"projects/mychat-a2a0f/locations/us-central1/functions/detectEvilUsers","type":"UPDATE_FUNCTION","request":{"@type":"type.googleapis.com/google.cloud.functions.v1.CloudFunction","name":"projects/mychat-a2a0f/locations/us-central1/functions/detectEvilUsers","eventTrigger":{"eventType":"providers/cloud.firestore/eventTypes/document.create","resource":"projects/mychat-a2a0f/databases/(default)/documents/messages/{msgId}","service":"firestore.googleapis.com"},"status":"OFFLINE","entryPoint":"detectEvilUsers","timeout":"60s","availableMemoryMb":256,"serviceAccountEmail":"mychat-a2a0f@appspot.gserviceaccount.com","updateTime":"2021-03-28T18:51:22.884Z","versionId":"9","labels":{"deployment-tool":"cli-firebase"},"sourceUploadUrl":"https://storage.googleapis.com/gcf-upload-us-central1-24cf20c0-8ee6-4e79-a303-c2345df24ae6/376fbffc-31c2-4b29-81c8-7c483b4c0bdb.zip?GoogleAccessId=service-31655311165@gcf-admin-robot.iam.gserviceaccount.com&Expires=1616961967&Signature=q5c9%2BHLlDMspco2TgsBoDTbaYEBwx0HiCXgNNHviHtyRlt62aenvMAN3XkSeEithU1lDVo0XH8Ob0tJf6bVeYjdL9ZjnNiAeZRu5yOf74pmN8Uze8ZR9rO1VtODEGrMoUSLAYLqQEjFPNOKArqmQpu7RI8AMXrHLcj9cdazsV2JvBltyg6sFApsHxEn%2FvbZqq8gILQlmJrpOUk5qgNAYobTrFCiCeUVH2tT%2Bsom4J%2FfpTe3%2Blv7BK%2FsSrY82f4Tpp7lPvKu5lWn1Dx86p6XnEoGkJsr8P821hJvXRSGFX1wzmzVKrsm%2F9RBjpTM4tvG1m9NXOdXwByE6QSvSBF0zTw%3D%3D","environmentVariables":{"FIREBASE_CONFIG":"{\"projectId\":\"mychat-a2a0f\",\"storageBucket\":\"mychat-a2a0f.appspot.com\",\"locationId\":\"europe-west\"}"},"runtime":"nodejs12","ingressSettings":"ALLOW_ALL","buildId":"568a4ed0-194d-41c0-acfc-da42aa347400"},"versionId":"10","updateTime":"2021-03-28T19:36:08Z"}}
[debug] [2021-03-28T19:36:10.117Z] [update-projects/mychat-a2a0f/locations/us-central1/functions/detectEvilUsers] Retrying task index 0
[debug] [2021-03-28T19:36:10.118Z] >>> [apiv2][query] GET https://cloudfunctions.googleapis.com/v1/operations/bXljaGF0LWEyYTBmL3VzLWNlbnRyYWwxL2RldGVjdEV2aWxVc2Vycy96OGg4eVo1djJWSQ [none]
[debug] [2021-03-28T19:36:10.510Z] <<< [apiv2][status] GET https://cloudfunctions.googleapis.com/v1/operations/bXljaGF0LWEyYTBmL3VzLWNlbnRyYWwxL2RldGVjdEV2aWxVc2Vycy96OGg4eVo1djJWSQ 200
[debug] [2021-03-28T19:36:10.511Z] <<< [apiv2][body] GET https://cloudfunctions.googleapis.com/v1/operations/bXljaGF0LWEyYTBmL3VzLWNlbnRyYWwxL2RldGVjdEV2aWxVc2Vycy96OGg4eVo1djJWSQ {"name":"operations/bXljaGF0LWEyYTBmL3VzLWNlbnRyYWwxL2RldGVjdEV2aWxVc2Vycy96OGg4eVo1djJWSQ","metadata":{"@type":"type.googleapis.com/google.cloud.functions.v1.OperationMetadataV1","target":"projects/mychat-a2a0f/locations/us-central1/functions/detectEvilUsers","type":"UPDATE_FUNCTION","request":{"@type":"type.googleapis.com/google.cloud.functions.v1.CloudFunction","name":"projects/mychat-a2a0f/locations/us-central1/functions/detectEvilUsers","eventTrigger":{"eventType":"providers/cloud.firestore/eventTypes/document.create","resource":"projects/mychat-a2a0f/databases/(default)/documents/messages/{msgId}","service":"firestore.googleapis.com"},"status":"OFFLINE","entryPoint":"detectEvilUsers","timeout":"60s","availableMemoryMb":256,"serviceAccountEmail":"mychat-a2a0f@appspot.gserviceaccount.com","updateTime":"2021-03-28T18:51:22.884Z","versionId":"9","labels":{"deployment-tool":"cli-firebase"},"sourceUploadUrl":"https://storage.googleapis.com/gcf-upload-us-central1-24cf20c0-8ee6-4e79-a303-c2345df24ae6/376fbffc-31c2-4b29-81c8-7c483b4c0bdb.zip?GoogleAccessId=service-31655311165@gcf-admin-robot.iam.gserviceaccount.com&Expires=1616961967&Signature=q5c9%2BHLlDMspco2TgsBoDTbaYEBwx0HiCXgNNHviHtyRlt62aenvMAN3XkSeEithU1lDVo0XH8Ob0tJf6bVeYjdL9ZjnNiAeZRu5yOf74pmN8Uze8ZR9rO1VtODEGrMoUSLAYLqQEjFPNOKArqmQpu7RI8AMXrHLcj9cdazsV2JvBltyg6sFApsHxEn%2FvbZqq8gILQlmJrpOUk5qgNAYobTrFCiCeUVH2tT%2Bsom4J%2FfpTe3%2Blv7BK%2FsSrY82f4Tpp7lPvKu5lWn1Dx86p6XnEoGkJsr8P821hJvXRSGFX1wzmzVKrsm%2F9RBjpTM4tvG1m9NXOdXwByE6QSvSBF0zTw%3D%3D","environmentVariables":{"FIREBASE_CONFIG":"{\"projectId\":\"mychat-a2a0f\",\"storageBucket\":\"mychat-a2a0f.appspot.com\",\"locationId\":\"europe-west\"}"},"runtime":"nodejs12","ingressSettings":"ALLOW_ALL","buildId":"568a4ed0-194d-41c0-acfc-da42aa347400"},"versionId":"10","updateTime":"2021-03-28T19:36:08Z","buildId":"f61e3de3-2211-471e-b7ff-6ce9da87ad59"}}
[debug] [2021-03-28T19:36:11.524Z] [update-projects/mychat-a2a0f/locations/us-central1/functions/detectEvilUsers] Retrying task index 0
[debug] [2021-03-28T19:36:11.524Z] >>> [apiv2][query] GET https://cloudfunctions.googleapis.com/v1/operations/bXljaGF0LWEyYTBmL3VzLWNlbnRyYWwxL2RldGVjdEV2aWxVc2Vycy96OGg4eVo1djJWSQ [none]
[debug] [2021-03-28T19:36:11.914Z] <<< [apiv2][status] GET https://cloudfunctions.googleapis.com/v1/operations/bXljaGF0LWEyYTBmL3VzLWNlbnRyYWwxL2RldGVjdEV2aWxVc2Vycy96OGg4eVo1djJWSQ 200
[debug] [2021-03-28T19:36:11.914Z] <<< [apiv2][body] GET https://cloudfunctions.googleapis.com/v1/operations/bXljaGF0LWEyYTBmL3VzLWNlbnRyYWwxL2RldGVjdEV2aWxVc2Vycy96OGg4eVo1djJWSQ {"name":"operations/bXljaGF0LWEyYTBmL3VzLWNlbnRyYWwxL2RldGVjdEV2aWxVc2Vycy96OGg4eVo1djJWSQ","metadata":{"@type":"type.googleapis.com/google.cloud.functions.v1.OperationMetadataV1","target":"projects/mychat-a2a0f/locations/us-central1/functions/detectEvilUsers","type":"UPDATE_FUNCTION","request":{"@type":"type.googleapis.com/google.cloud.functions.v1.CloudFunction","name":"projects/mychat-a2a0f/locations/us-central1/functions/detectEvilUsers","eventTrigger":{"eventType":"providers/cloud.firestore/eventTypes/document.create","resource":"projects/mychat-a2a0f/databases/(default)/documents/messages/{msgId}","service":"firestore.googleapis.com"},"status":"OFFLINE","entryPoint":"detectEvilUsers","timeout":"60s","availableMemoryMb":256,"serviceAccountEmail":"mychat-a2a0f@appspot.gserviceaccount.com","updateTime":"2021-03-28T18:51:22.884Z","versionId":"9","labels":{"deployment-tool":"cli-firebase"},"sourceUploadUrl":"https://storage.googleapis.com/gcf-upload-us-central1-24cf20c0-8ee6-4e79-a303-c2345df24ae6/376fbffc-31c2-4b29-81c8-7c483b4c0bdb.zip?GoogleAccessId=service-31655311165@gcf-admin-robot.iam.gserviceaccount.com&Expires=1616961967&Signature=q5c9%2BHLlDMspco2TgsBoDTbaYEBwx0HiCXgNNHviHtyRlt62aenvMAN3XkSeEithU1lDVo0XH8Ob0tJf6bVeYjdL9ZjnNiAeZRu5yOf74pmN8Uze8ZR9rO1VtODEGrMoUSLAYLqQEjFPNOKArqmQpu7RI8AMXrHLcj9cdazsV2JvBltyg6sFApsHxEn%2FvbZqq8gILQlmJrpOUk5qgNAYobTrFCiCeUVH2tT%2Bsom4J%2FfpTe3%2Blv7BK%2FsSrY82f4Tpp7lPvKu5lWn1Dx86p6XnEoGkJsr8P821hJvXRSGFX1wzmzVKrsm%2F9RBjpTM4tvG1m9NXOdXwByE6QSvSBF0zTw%3D%3D","environmentVariables":{"FIREBASE_CONFIG":"{\"projectId\":\"mychat-a2a0f\",\"storageBucket\":\"mychat-a2a0f.appspot.com\",\"locationId\":\"europe-west\"}"},"runtime":"nodejs12","ingressSettings":"ALLOW_ALL","buildId":"568a4ed0-194d-41c0-acfc-da42aa347400"},"versionId":"10","updateTime":"2021-03-28T19:36:08Z","buildId":"f61e3de3-2211-471e-b7ff-6ce9da87ad59"}}
[debug] [2021-03-28T19:36:13.928Z] [update-projects/mychat-a2a0f/locations/us-central1/functions/detectEvilUsers] Retrying task index 0
[debug] [2021-03-28T19:36:13.930Z] >>> [apiv2][query] GET https://cloudfunctions.googleapis.com/v1/operations/bXljaGF0LWEyYTBmL3VzLWNlbnRyYWwxL2RldGVjdEV2aWxVc2Vycy96OGg4eVo1djJWSQ [none]
[debug] [2021-03-28T19:36:14.340Z] <<< [apiv2][status] GET https://cloudfunctions.googleapis.com/v1/operations/bXljaGF0LWEyYTBmL3VzLWNlbnRyYWwxL2RldGVjdEV2aWxVc2Vycy96OGg4eVo1djJWSQ 200
[debug] [2021-03-28T19:36:14.341Z] <<< [apiv2][body] GET https://cloudfunctions.googleapis.com/v1/operations/bXljaGF0LWEyYTBmL3VzLWNlbnRyYWwxL2RldGVjdEV2aWxVc2Vycy96OGg4eVo1djJWSQ {"name":"operations/bXljaGF0LWEyYTBmL3VzLWNlbnRyYWwxL2RldGVjdEV2aWxVc2Vycy96OGg4eVo1djJWSQ","metadata":{"@type":"type.googleapis.com/google.cloud.functions.v1.OperationMetadataV1","target":"projects/mychat-a2a0f/locations/us-central1/functions/detectEvilUsers","type":"UPDATE_FUNCTION","request":{"@type":"type.googleapis.com/google.cloud.functions.v1.CloudFunction","name":"projects/mychat-a2a0f/locations/us-central1/functions/detectEvilUsers","eventTrigger":{"eventType":"providers/cloud.firestore/eventTypes/document.create","resource":"projects/mychat-a2a0f/databases/(default)/documents/messages/{msgId}","service":"firestore.googleapis.com"},"status":"OFFLINE","entryPoint":"detectEvilUsers","timeout":"60s","availableMemoryMb":256,"serviceAccountEmail":"mychat-a2a0f@appspot.gserviceaccount.com","updateTime":"2021-03-28T18:51:22.884Z","versionId":"9","labels":{"deployment-tool":"cli-firebase"},"sourceUploadUrl":"https://storage.googleapis.com/gcf-upload-us-central1-24cf20c0-8ee6-4e79-a303-c2345df24ae6/376fbffc-31c2-4b29-81c8-7c483b4c0bdb.zip?GoogleAccessId=service-31655311165@gcf-admin-robot.iam.gserviceaccount.com&Expires=1616961967&Signature=q5c9%2BHLlDMspco2TgsBoDTbaYEBwx0HiCXgNNHviHtyRlt62aenvMAN3XkSeEithU1lDVo0XH8Ob0tJf6bVeYjdL9ZjnNiAeZRu5yOf74pmN8Uze8ZR9rO1VtODEGrMoUSLAYLqQEjFPNOKArqmQpu7RI8AMXrHLcj9cdazsV2JvBltyg6sFApsHxEn%2FvbZqq8gILQlmJrpOUk5qgNAYobTrFCiCeUVH2tT%2Bsom4J%2FfpTe3%2Blv7BK%2FsSrY82f4Tpp7lPvKu5lWn1Dx86p6XnEoGkJsr8P821hJvXRSGFX1wzmzVKrsm%2F9RBjpTM4tvG1m9NXOdXwByE6QSvSBF0zTw%3D%3D","environmentVariables":{"FIREBASE_CONFIG":"{\"projectId\":\"mychat-a2a0f\",\"storageBucket\":\"mychat-a2a0f.appspot.com\",\"locationId\":\"europe-west\"}"},"runtime":"nodejs12","ingressSettings":"ALLOW_ALL","buildId":"568a4ed0-194d-41c0-acfc-da42aa347400"},"versionId":"10","updateTime":"2021-03-28T19:36:08Z","buildId":"f61e3de3-2211-471e-b7ff-6ce9da87ad59"}}
[debug] [2021-03-28T19:36:18.357Z] [update-projects/mychat-a2a0f/locations/us-central1/functions/detectEvilUsers] Retrying task index 0
[debug] [2021-03-28T19:36:18.359Z] >>> [apiv2][query] GET https://cloudfunctions.googleapis.com/v1/operations/bXljaGF0LWEyYTBmL3VzLWNlbnRyYWwxL2RldGVjdEV2aWxVc2Vycy96OGg4eVo1djJWSQ [none]
[debug] [2021-03-28T19:36:18.745Z] <<< [apiv2][status] GET https://cloudfunctions.googleapis.com/v1/operations/bXljaGF0LWEyYTBmL3VzLWNlbnRyYWwxL2RldGVjdEV2aWxVc2Vycy96OGg4eVo1djJWSQ 200
[debug] [2021-03-28T19:36:18.746Z] <<< [apiv2][body] GET https://cloudfunctions.googleapis.com/v1/operations/bXljaGF0LWEyYTBmL3VzLWNlbnRyYWwxL2RldGVjdEV2aWxVc2Vycy96OGg4eVo1djJWSQ {"name":"operations/bXljaGF0LWEyYTBmL3VzLWNlbnRyYWwxL2RldGVjdEV2aWxVc2Vycy96OGg4eVo1djJWSQ","metadata":{"@type":"type.googleapis.com/google.cloud.functions.v1.OperationMetadataV1","target":"projects/mychat-a2a0f/locations/us-central1/functions/detectEvilUsers","type":"UPDATE_FUNCTION","request":{"@type":"type.googleapis.com/google.cloud.functions.v1.CloudFunction","name":"projects/mychat-a2a0f/locations/us-central1/functions/detectEvilUsers","eventTrigger":{"eventType":"providers/cloud.firestore/eventTypes/document.create","resource":"projects/mychat-a2a0f/databases/(default)/documents/messages/{msgId}","service":"firestore.googleapis.com"},"status":"OFFLINE","entryPoint":"detectEvilUsers","timeout":"60s","availableMemoryMb":256,"serviceAccountEmail":"mychat-a2a0f@appspot.gserviceaccount.com","updateTime":"2021-03-28T18:51:22.884Z","versionId":"9","labels":{"deployment-tool":"cli-firebase"},"sourceUploadUrl":"https://storage.googleapis.com/gcf-upload-us-central1-24cf20c0-8ee6-4e79-a303-c2345df24ae6/376fbffc-31c2-4b29-81c8-7c483b4c0bdb.zip?GoogleAccessId=service-31655311165@gcf-admin-robot.iam.gserviceaccount.com&Expires=1616961967&Signature=q5c9%2BHLlDMspco2TgsBoDTbaYEBwx0HiCXgNNHviHtyRlt62aenvMAN3XkSeEithU1lDVo0XH8Ob0tJf6bVeYjdL9ZjnNiAeZRu5yOf74pmN8Uze8ZR9rO1VtODEGrMoUSLAYLqQEjFPNOKArqmQpu7RI8AMXrHLcj9cdazsV2JvBltyg6sFApsHxEn%2FvbZqq8gILQlmJrpOUk5qgNAYobTrFCiCeUVH2tT%2Bsom4J%2FfpTe3%2Blv7BK%2FsSrY82f4Tpp7lPvKu5lWn1Dx86p6XnEoGkJsr8P821hJvXRSGFX1wzmzVKrsm%2F9RBjpTM4tvG1m9NXOdXwByE6QSvSBF0zTw%3D%3D","environmentVariables":{"FIREBASE_CONFIG":"{\"projectId\":\"mychat-a2a0f\",\"storageBucket\":\"mychat-a2a0f.appspot.com\",\"locationId\":\"europe-west\"}"},"runtime":"nodejs12","ingressSettings":"ALLOW_ALL","buildId":"568a4ed0-194d-41c0-acfc-da42aa347400"},"versionId":"10","updateTime":"2021-03-28T19:36:08Z","buildId":"f61e3de3-2211-471e-b7ff-6ce9da87ad59"}}
[debug] [2021-03-28T19:36:26.753Z] [update-projects/mychat-a2a0f/locations/us-central1/functions/detectEvilUsers] Retrying task index 0
[debug] [2021-03-28T19:36:26.755Z] >>> [apiv2][query] GET https://cloudfunctions.googleapis.com/v1/operations/bXljaGF0LWEyYTBmL3VzLWNlbnRyYWwxL2RldGVjdEV2aWxVc2Vycy96OGg4eVo1djJWSQ [none]
[debug] [2021-03-28T19:36:26.986Z] <<< [apiv2][status] GET https://cloudfunctions.googleapis.com/v1/operations/bXljaGF0LWEyYTBmL3VzLWNlbnRyYWwxL2RldGVjdEV2aWxVc2Vycy96OGg4eVo1djJWSQ 200
[debug] [2021-03-28T19:36:26.986Z] <<< [apiv2][body] GET https://cloudfunctions.googleapis.com/v1/operations/bXljaGF0LWEyYTBmL3VzLWNlbnRyYWwxL2RldGVjdEV2aWxVc2Vycy96OGg4eVo1djJWSQ {"name":"operations/bXljaGF0LWEyYTBmL3VzLWNlbnRyYWwxL2RldGVjdEV2aWxVc2Vycy96OGg4eVo1djJWSQ","metadata":{"@type":"type.googleapis.com/google.cloud.functions.v1.OperationMetadataV1","target":"projects/mychat-a2a0f/locations/us-central1/functions/detectEvilUsers","type":"UPDATE_FUNCTION","request":{"@type":"type.googleapis.com/google.cloud.functions.v1.CloudFunction","name":"projects/mychat-a2a0f/locations/us-central1/functions/detectEvilUsers","eventTrigger":{"eventType":"providers/cloud.firestore/eventTypes/document.create","resource":"projects/mychat-a2a0f/databases/(default)/documents/messages/{msgId}","service":"firestore.googleapis.com"},"status":"OFFLINE","entryPoint":"detectEvilUsers","timeout":"60s","availableMemoryMb":256,"serviceAccountEmail":"mychat-a2a0f@appspot.gserviceaccount.com","updateTime":"2021-03-28T18:51:22.884Z","versionId":"9","labels":{"deployment-tool":"cli-firebase"},"sourceUploadUrl":"https://storage.googleapis.com/gcf-upload-us-central1-24cf20c0-8ee6-4e79-a303-c2345df24ae6/376fbffc-31c2-4b29-81c8-7c483b4c0bdb.zip?GoogleAccessId=service-31655311165@gcf-admin-robot.iam.gserviceaccount.com&Expires=1616961967&Signature=q5c9%2BHLlDMspco2TgsBoDTbaYEBwx0HiCXgNNHviHtyRlt62aenvMAN3XkSeEithU1lDVo0XH8Ob0tJf6bVeYjdL9ZjnNiAeZRu5yOf74pmN8Uze8ZR9rO1VtODEGrMoUSLAYLqQEjFPNOKArqmQpu7RI8AMXrHLcj9cdazsV2JvBltyg6sFApsHxEn%2FvbZqq8gILQlmJrpOUk5qgNAYobTrFCiCeUVH2tT%2Bsom4J%2FfpTe3%2Blv7BK%2FsSrY82f4Tpp7lPvKu5lWn1Dx86p6XnEoGkJsr8P821hJvXRSGFX1wzmzVKrsm%2F9RBjpTM4tvG1m9NXOdXwByE6QSvSBF0zTw%3D%3D","environmentVariables":{"FIREBASE_CONFIG":"{\"projectId\":\"mychat-a2a0f\",\"storageBucket\":\"mychat-a2a0f.appspot.com\",\"locationId\":\"europe-west\"}"},"runtime":"nodejs12","ingressSettings":"ALLOW_ALL","buildId":"568a4ed0-194d-41c0-acfc-da42aa347400"},"versionId":"10","updateTime":"2021-03-28T19:36:08Z","buildId":"f61e3de3-2211-471e-b7ff-6ce9da87ad59"}}
[debug] [2021-03-28T19:36:43.002Z] [update-projects/mychat-a2a0f/locations/us-central1/functions/detectEvilUsers] Retrying task index 0
[debug] [2021-03-28T19:36:43.003Z] >>> [apiv2][query] GET https://cloudfunctions.googleapis.com/v1/operations/bXljaGF0LWEyYTBmL3VzLWNlbnRyYWwxL2RldGVjdEV2aWxVc2Vycy96OGg4eVo1djJWSQ [none]
[debug] [2021-03-28T19:36:43.402Z] <<< [apiv2][status] GET https://cloudfunctions.googleapis.com/v1/operations/bXljaGF0LWEyYTBmL3VzLWNlbnRyYWwxL2RldGVjdEV2aWxVc2Vycy96OGg4eVo1djJWSQ 200
[debug] [2021-03-28T19:36:43.403Z] <<< [apiv2][body] GET https://cloudfunctions.googleapis.com/v1/operations/bXljaGF0LWEyYTBmL3VzLWNlbnRyYWwxL2RldGVjdEV2aWxVc2Vycy96OGg4eVo1djJWSQ {"name":"operations/bXljaGF0LWEyYTBmL3VzLWNlbnRyYWwxL2RldGVjdEV2aWxVc2Vycy96OGg4eVo1djJWSQ","metadata":{"@type":"type.googleapis.com/google.cloud.functions.v1.OperationMetadataV1","target":"projects/mychat-a2a0f/locations/us-central1/functions/detectEvilUsers","type":"UPDATE_FUNCTION","request":{"@type":"type.googleapis.com/google.cloud.functions.v1.CloudFunction","name":"projects/mychat-a2a0f/locations/us-central1/functions/detectEvilUsers","eventTrigger":{"eventType":"providers/cloud.firestore/eventTypes/document.create","resource":"projects/mychat-a2a0f/databases/(default)/documents/messages/{msgId}","service":"firestore.googleapis.com"},"status":"OFFLINE","entryPoint":"detectEvilUsers","timeout":"60s","availableMemoryMb":256,"serviceAccountEmail":"mychat-a2a0f@appspot.gserviceaccount.com","updateTime":"2021-03-28T18:51:22.884Z","versionId":"9","labels":{"deployment-tool":"cli-firebase"},"sourceUploadUrl":"https://storage.googleapis.com/gcf-upload-us-central1-24cf20c0-8ee6-4e79-a303-c2345df24ae6/376fbffc-31c2-4b29-81c8-7c483b4c0bdb.zip?GoogleAccessId=service-31655311165@gcf-admin-robot.iam.gserviceaccount.com&Expires=1616961967&Signature=q5c9%2BHLlDMspco2TgsBoDTbaYEBwx0HiCXgNNHviHtyRlt62aenvMAN3XkSeEithU1lDVo0XH8Ob0tJf6bVeYjdL9ZjnNiAeZRu5yOf74pmN8Uze8ZR9rO1VtODEGrMoUSLAYLqQEjFPNOKArqmQpu7RI8AMXrHLcj9cdazsV2JvBltyg6sFApsHxEn%2FvbZqq8gILQlmJrpOUk5qgNAYobTrFCiCeUVH2tT%2Bsom4J%2FfpTe3%2Blv7BK%2FsSrY82f4Tpp7lPvKu5lWn1Dx86p6XnEoGkJsr8P821hJvXRSGFX1wzmzVKrsm%2F9RBjpTM4tvG1m9NXOdXwByE6QSvSBF0zTw%3D%3D","environmentVariables":{"FIREBASE_CONFIG":"{\"projectId\":\"mychat-a2a0f\",\"storageBucket\":\"mychat-a2a0f.appspot.com\",\"locationId\":\"europe-west\"}"},"runtime":"nodejs12","ingressSettings":"ALLOW_ALL","buildId":"568a4ed0-194d-41c0-acfc-da42aa347400"},"versionId":"10","updateTime":"2021-03-28T19:36:08Z","buildId":"f61e3de3-2211-471e-b7ff-6ce9da87ad59"}}
[debug] [2021-03-28T19:37:15.409Z] [update-projects/mychat-a2a0f/locations/us-central1/functions/detectEvilUsers] Retrying task index 0
[debug] [2021-03-28T19:37:15.412Z] >>> [apiv2][query] GET https://cloudfunctions.googleapis.com/v1/operations/bXljaGF0LWEyYTBmL3VzLWNlbnRyYWwxL2RldGVjdEV2aWxVc2Vycy96OGg4eVo1djJWSQ [none]
[debug] [2021-03-28T19:37:15.851Z] <<< [apiv2][status] GET https://cloudfunctions.googleapis.com/v1/operations/bXljaGF0LWEyYTBmL3VzLWNlbnRyYWwxL2RldGVjdEV2aWxVc2Vycy96OGg4eVo1djJWSQ 200
[debug] [2021-03-28T19:37:15.853Z] <<< [apiv2][body] GET https://cloudfunctions.googleapis.com/v1/operations/bXljaGF0LWEyYTBmL3VzLWNlbnRyYWwxL2RldGVjdEV2aWxVc2Vycy96OGg4eVo1djJWSQ {"name":"operations/bXljaGF0LWEyYTBmL3VzLWNlbnRyYWwxL2RldGVjdEV2aWxVc2Vycy96OGg4eVo1djJWSQ","metadata":{"@type":"type.googleapis.com/google.cloud.functions.v1.OperationMetadataV1","target":"projects/mychat-a2a0f/locations/us-central1/functions/detectEvilUsers","type":"UPDATE_FUNCTION","request":{"@type":"type.googleapis.com/google.cloud.functions.v1.CloudFunction","name":"projects/mychat-a2a0f/locations/us-central1/functions/detectEvilUsers","eventTrigger":{"eventType":"providers/cloud.firestore/eventTypes/document.create","resource":"projects/mychat-a2a0f/databases/(default)/documents/messages/{msgId}","service":"firestore.googleapis.com"},"status":"OFFLINE","entryPoint":"detectEvilUsers","timeout":"60s","availableMemoryMb":256,"serviceAccountEmail":"mychat-a2a0f@appspot.gserviceaccount.com","updateTime":"2021-03-28T18:51:22.884Z","versionId":"9","labels":{"deployment-tool":"cli-firebase"},"sourceUploadUrl":"https://storage.googleapis.com/gcf-upload-us-central1-24cf20c0-8ee6-4e79-a303-c2345df24ae6/376fbffc-31c2-4b29-81c8-7c483b4c0bdb.zip?GoogleAccessId=service-31655311165@gcf-admin-robot.iam.gserviceaccount.com&Expires=1616961967&Signature=q5c9%2BHLlDMspco2TgsBoDTbaYEBwx0HiCXgNNHviHtyRlt62aenvMAN3XkSeEithU1lDVo0XH8Ob0tJf6bVeYjdL9ZjnNiAeZRu5yOf74pmN8Uze8ZR9rO1VtODEGrMoUSLAYLqQEjFPNOKArqmQpu7RI8AMXrHLcj9cdazsV2JvBltyg6sFApsHxEn%2FvbZqq8gILQlmJrpOUk5qgNAYobTrFCiCeUVH2tT%2Bsom4J%2FfpTe3%2Blv7BK%2FsSrY82f4Tpp7lPvKu5lWn1Dx86p6XnEoGkJsr8P821hJvXRSGFX1wzmzVKrsm%2F9RBjpTM4tvG1m9NXOdXwByE6QSvSBF0zTw%3D%3D","environmentVariables":{"FIREBASE_CONFIG":"{\"projectId\":\"mychat-a2a0f\",\"storageBucket\":\"mychat-a2a0f.appspot.com\",\"locationId\":\"europe-west\"}"},"runtime":"nodejs12","ingressSettings":"ALLOW_ALL","buildId":"568a4ed0-194d-41c0-acfc-da42aa347400"},"versionId":"10","updateTime":"2021-03-28T19:36:44Z","buildId":"f61e3de3-2211-471e-b7ff-6ce9da87ad59"},"done":true,"error":{"code":3,"message":"Build failed: npm ERR! cipm can only install packages when your package.json and package-lock.json or npm-shrinkwrap.json are in sync. Please update your lock file with `npm install` before continuing.\nnpm ERR! \nnpm ERR! \nnpm ERR! Missing: bad-words@^3.0.3\nnpm ERR! \n\nnpm ERR! A complete log of this run can be found in:\nnpm ERR!     /builder/home/.npm/_logs/2021-03-28T19_36_37_122Z-debug.log; Error ID: beaf8772"}}
[debug] [2021-03-28T19:37:15.862Z] Got sourceToken undefined for region us-central1
[debug] [2021-03-28T19:37:15.863Z] Total Function Deployment time: 67195
[debug] [2021-03-28T19:37:15.864Z] 1 Functions Deployed
[debug] [2021-03-28T19:37:15.864Z] 1 Functions Errored
[debug] [2021-03-28T19:37:15.864Z] Average Function Deployment time: 67195
[debug] [2021-03-28T19:37:15.866Z] > refreshing access token with scopes: ["email","https://www.googleapis.com/auth/cloud-platform","https://www.googleapis.com/auth/cloudplatformprojects.readonly","https://www.googleapis.com/auth/firebase","openid"]
[debug] [2021-03-28T19:37:15.866Z] >>> HTTP REQUEST POST https://www.googleapis.com/oauth2/v3/token  
 <request body omitted>
[info] 
Functions deploy had errors with the following functions:
[info] 	detectEvilUsers(us-central1)
[info] 
To try redeploying those functions, run:
[info]     firebase deploy --only "functions:detectEvilUsers"
[info] 
To continue deploying other features (such as database), run:
[info]     firebase deploy --except functions
[debug] [2021-03-28T19:37:15.873Z] 	Error during update for projects/mychat-a2a0f/locations/us-central1/functions/detectEvilUsers: Build failed: npm ERR! cipm can only install packages when your package.json and package-lock.json or npm-shrinkwrap.json are in sync. Please update your lock file with `npm install` before continuing.
npm ERR! 
npm ERR! 
npm ERR! Missing: bad-words@^3.0.3
npm ERR! 

npm ERR! A complete log of this run can be found in:
npm ERR!     /builder/home/.npm/_logs/2021-03-28T19_36_37_122Z-debug.log; Error ID: beaf8772
[error] 
[error] Error: Functions did not deploy properly.
[debug] [2021-03-28T19:37:15.949Z] <<< HTTP RESPONSE 200 {"pragma":"no-cache","cache-control":"no-cache, no-store, max-age=0, must-revalidate","date":"Sun, 28 Mar 2021 19:37:15 GMT","expires":"Mon, 01 Jan 1990 00:00:00 GMT","content-type":"application/json; charset=utf-8","vary":"X-Origin, Referer, Origin,Accept-Encoding","server":"scaffolding on HTTPServer2","x-xss-protection":"0","x-frame-options":"SAMEORIGIN","x-content-type-options":"nosniff","alt-svc":"h3-29=\":443\"; ma=2592000,h3-T051=\":443\"; ma=2592000,h3-Q050=\":443\"; ma=2592000,h3-Q046=\":443\"; ma=2592000,h3-Q043=\":443\"; ma=2592000,quic=\":443\"; ma=2592000; v=\"46,43\"","accept-ranges":"none","transfer-encoding":"chunked"}
[debug] [2021-03-28T19:37:15.956Z] >>> HTTP REQUEST GET https://cloudfunctions.googleapis.com/v1/projects/mychat-a2a0f/locations/-/functions  
 
